<?xml version="1.0" encoding="UTF-8"?>
<!-- Generated by org.testng.reporters.JUnitXMLReporter -->
<testsuite hostname="MC0Y6RJC" name="SmokeScenario" tests="3" failures="1" timestamp="6 Jul 2018 12:00:23 GMT" time="50.171" errors="0">
  <testcase name="testLoginPage" time="1.38" classname="com.testCases.VerifyLoginPageWithReports">
    <failure type="org.openqa.selenium.NoSuchElementException" message="Unable to locate element: {&amp;quot;method&amp;quot;:&amp;quot;id&amp;quot;,&amp;quot;selector&amp;quot;:&amp;quot;email&amp;quot;}
Command duration or timeout: 0 milliseconds">
      <![CDATA[org.openqa.selenium.NoSuchElementException: Unable to locate element: {"method":"id","selector":"email"}
Command duration or timeout: 0 milliseconds
	at org.openqa.selenium.remote.ErrorHandler.createThrowable(ErrorHandler.java:214)
	at org.openqa.selenium.remote.ErrorHandler.throwIfResponseFailed(ErrorHandler.java:166)
	at org.openqa.selenium.remote.http.JsonHttpResponseCodec.reconstructValue(JsonHttpResponseCodec.java:40)
	at org.openqa.selenium.remote.http.AbstractHttpResponseCodec.decode(AbstractHttpResponseCodec.java:80)
	at org.openqa.selenium.remote.http.AbstractHttpResponseCodec.decode(AbstractHttpResponseCodec.java:44)
	at org.openqa.selenium.remote.HttpCommandExecutor.execute(HttpCommandExecutor.java:158)
	at org.openqa.selenium.remote.service.DriverCommandExecutor.execute(DriverCommandExecutor.java:83)
	at org.openqa.selenium.remote.RemoteWebDriver.execute(RemoteWebDriver.java:548)
	at org.openqa.selenium.remote.RemoteWebDriver.findElement(RemoteWebDriver.java:322)
	at org.openqa.selenium.remote.RemoteWebDriver.findElementById(RemoteWebDriver.java:368)
	at org.openqa.selenium.By$ById.findElement(By.java:188)
	at org.openqa.selenium.remote.RemoteWebDriver.findElement(RemoteWebDriver.java:314)
	at org.openqa.selenium.support.pagefactory.DefaultElementLocator.findElement(DefaultElementLocator.java:69)
	at org.openqa.selenium.support.pagefactory.internal.LocatingElementHandler.invoke(LocatingElementHandler.java:38)
	at com.sun.proxy.$Proxy9.sendKeys(Unknown Source)
	at com.pages.LoginPage.loginToApplication(LoginPage.java:21)
	at com.testCases.VerifyLoginPageWithReports.testLoginPage(VerifyLoginPageWithReports.java:41)
Caused by: org.openqa.selenium.NoSuchElementException: Unable to locate element: {"method":"id","selector":"email"}
For documentation on this error, please visit: http://seleniumhq.org/exceptions/no_such_element.html
Build info: version: '3.13.0', revision: '2f0d292', time: '2018-06-25T15:24:21.231Z'
System info: host: 'MC0Y6RJC', ip: '172.16.45.232', os.name: 'Windows 7', os.arch: 'amd64', os.version: '6.1', java.version: '1.8.0_151'
Driver info: driver.version: unknown
	at <anonymous class>.FirefoxDriver.prototype.findElementInternal_(file:///C:/Users/a631020/AppData/Local/Temp/anonymous563240358443931890webdriver-profile/extensions/fxdriver@googlecode.com/components/driver-component.js:11878)
	at <anonymous class>.FirefoxDriver.prototype.findElement(file:///C:/Users/a631020/AppData/Local/Temp/anonymous563240358443931890webdriver-profile/extensions/fxdriver@googlecode.com/components/driver-component.js:11887)
	at <anonymous class>.DelayedCommand.prototype.executeInternal_/k(file:///C:/Users/a631020/AppData/Local/Temp/anonymous563240358443931890webdriver-profile/extensions/fxdriver@googlecode.com/components/command-processor.js:13388)
	at <anonymous class>.DelayedCommand.prototype.executeInternal_(file:///C:/Users/a631020/AppData/Local/Temp/anonymous563240358443931890webdriver-profile/extensions/fxdriver@googlecode.com/components/command-processor.js:13393)
	at <anonymous class>.DelayedCommand.prototype.execute/<(file:///C:/Users/a631020/AppData/Local/Temp/anonymous563240358443931890webdriver-profile/extensions/fxdriver@googlecode.com/components/command-processor.js:13335)
... Removed 28 stack frames]]>
    </failure>
  </testcase> <!-- testLoginPage -->
  <testcase name="testLoginPage" time="9.869" classname="com.testCases.VerifyLoginPage"/>
  <testcase name="testHomePage" time="0.355" classname="com.testCases.VerifyHomePage"/>
</testsuite> <!-- SmokeScenario -->
